0 info it worked if it ends with ok
1 verbose cli [ 'C:\\Program Files\\nodejs\\\\node.exe',
1 verbose cli   'C:\\Program Files\\nodejs\\node_modules\\npm\\bin\\npm-cli.js',
1 verbose cli   'install',
1 verbose cli   'Semantic-ui' ]
2 info using npm@1.4.28
3 info using node@v0.10.36
4 verbose node symlink C:\Program Files\nodejs\\node.exe
5 warn package.json PolarOS@1.0.0 No description
6 warn package.json PolarOS@1.0.0 No repository field.
7 warn package.json PolarOS@1.0.0 No README data
8 warn package.json babel@4.7.16 No README data
9 warn package.json enhanced-require@0.5.0-beta6 No repository field.
10 warn package.json karma-phantomjs-launcher@0.1.4 No README data
11 verbose readDependencies using package.json deps
12 verbose cache add [ 'Semantic-ui', null ]
13 verbose cache add name=undefined spec="Semantic-ui" args=["Semantic-ui",null]
14 verbose parsed url { protocol: null,
14 verbose parsed url   slashes: null,
14 verbose parsed url   auth: null,
14 verbose parsed url   host: null,
14 verbose parsed url   port: null,
14 verbose parsed url   hostname: null,
14 verbose parsed url   hash: null,
14 verbose parsed url   search: null,
14 verbose parsed url   query: null,
14 verbose parsed url   pathname: 'Semantic-ui',
14 verbose parsed url   path: 'Semantic-ui',
14 verbose parsed url   href: 'Semantic-ui' }
15 silly lockFile b8dadc2b-Semantic-ui Semantic-ui
16 verbose lock Semantic-ui C:\Users\muzo0\AppData\Roaming\npm-cache\b8dadc2b-Semantic-ui.lock
17 silly lockFile b8dadc2b-Semantic-ui Semantic-ui
18 silly lockFile b8dadc2b-Semantic-ui Semantic-ui
19 verbose addNamed [ 'Semantic-ui', '' ]
20 verbose addNamed [ null, '*' ]
21 silly lockFile d674b687-Semantic-ui Semantic-ui@
22 verbose lock Semantic-ui@ C:\Users\muzo0\AppData\Roaming\npm-cache\d674b687-Semantic-ui.lock
23 silly addNameRange { name: 'Semantic-ui', range: '*', hasData: false }
24 verbose request where is /Semantic-ui
25 verbose request registry https://registry.npmjs.org/
26 verbose request id 9d1774503d4512ee
27 verbose url raw /Semantic-ui
28 verbose url resolving [ 'https://registry.npmjs.org/', './Semantic-ui' ]
29 verbose url resolved https://registry.npmjs.org/Semantic-ui
30 verbose request where is https://registry.npmjs.org/Semantic-ui
31 info trying registry request attempt 1 at 16:50:33
32 http GET https://registry.npmjs.org/Semantic-ui
33 http 404 https://registry.npmjs.org/Semantic-ui
34 verbose headers { date: 'Tue, 31 Mar 2015 13:50:34 GMT',
34 verbose headers   server: 'CouchDB/1.5.0 (Erlang OTP/R16B03)',
34 verbose headers   'content-type': 'application/json',
34 verbose headers   'cache-control': 'max-age=0',
34 verbose headers   'content-length': '51',
34 verbose headers   'accept-ranges': 'bytes',
34 verbose headers   via: '1.1 varnish',
34 verbose headers   age: '0',
34 verbose headers   'x-served-by': 'cache-fra1243-FRA',
34 verbose headers   'x-cache': 'MISS',
34 verbose headers   'x-cache-hits': '0',
34 verbose headers   'x-timer': 'S1427809834.514793,VS0,VE107',
34 verbose headers   'keep-alive': 'timeout=10, max=50',
34 verbose headers   connection: 'Keep-Alive' }
35 silly registry.get cb [ 404,
35 silly registry.get   { date: 'Tue, 31 Mar 2015 13:50:34 GMT',
35 silly registry.get     server: 'CouchDB/1.5.0 (Erlang OTP/R16B03)',
35 silly registry.get     'content-type': 'application/json',
35 silly registry.get     'cache-control': 'max-age=0',
35 silly registry.get     'content-length': '51',
35 silly registry.get     'accept-ranges': 'bytes',
35 silly registry.get     via: '1.1 varnish',
35 silly registry.get     age: '0',
35 silly registry.get     'x-served-by': 'cache-fra1243-FRA',
35 silly registry.get     'x-cache': 'MISS',
35 silly registry.get     'x-cache-hits': '0',
35 silly registry.get     'x-timer': 'S1427809834.514793,VS0,VE107',
35 silly registry.get     'keep-alive': 'timeout=10, max=50',
35 silly registry.get     connection: 'Keep-Alive' } ]
36 silly lockFile d674b687-Semantic-ui Semantic-ui@
37 silly lockFile d674b687-Semantic-ui Semantic-ui@
38 error 404 404 Not Found: Semantic-ui
38 error 404
38 error 404 'Semantic-ui' is not in the npm registry.
38 error 404 You should bug the author to publish it
38 error 404 It was specified as a dependency of 'PolarOS'
38 error 404
38 error 404 Note that you can also install from a
38 error 404 tarball, folder, or http url, or git url.
39 error System Windows_NT 6.2.9200
40 error command "C:\\Program Files\\nodejs\\\\node.exe" "C:\\Program Files\\nodejs\\node_modules\\npm\\bin\\npm-cli.js" "install" "Semantic-ui"
41 error cwd D:\Code\awesome2\sync\default\new
42 error node -v v0.10.36
43 error npm -v 1.4.28
44 error code E404
45 verbose exit [ 1, true ]
